<?xml version="1.0" encoding="UTF-8"?>
<!-- Generated by org.testng.reporters.JUnitReportReporter -->
<testsuite hostname="WIN-8U16CV977LB" failures="0" tests="1" name="com.by.tests.SearchProductByNameTest" time="23.159" errors="0" timestamp="22 дек. 2022 01:09:33 GMT" skipped="0">
  <testcase classname="com.by.tests.SearchProductByNameTest" name="testSearchingByName" time="23.159"/>
</testsuite> <!-- com.by.tests.SearchProductByNameTest -->
