<?xml version="1.0" encoding="UTF-8"?>
<!-- Generated by org.testng.reporters.JUnitReportReporter -->
<testsuite hostname="WIN-8U16CV977LB" failures="0" tests="1" name="com.by.tests.AddTwoEqualsProductToCartTest" time="67.116" errors="0" timestamp="22 дек. 2022 00:01:43 GMT" skipped="0">
  <testcase classname="com.by.tests.AddTwoEqualsProductToCartTest" name="testAdditionTwoEqualsProductToCart" time="67.116"/>
</testsuite> <!-- com.by.tests.AddTwoEqualsProductToCartTest -->
