<?xml version="1.0" encoding="UTF-8"?>
<!-- Generated by org.testng.reporters.JUnitReportReporter -->
<testsuite hostname="WIN-8U16CV977LB" failures="0" tests="1" name="com.by.tests.CheckRemoveProductTest" time="19.043" errors="0" timestamp="22 дек. 2022 01:09:33 GMT" skipped="0">
  <testcase classname="com.by.tests.CheckRemoveProductTest" name="testRemovingProductFromCart" time="19.043"/>
</testsuite> <!-- com.by.tests.CheckRemoveProductTest -->
