<?xml version="1.0" encoding="UTF-8"?>
<!-- Generated by org.testng.reporters.JUnitReportReporter -->
<testsuite hostname="Nastya-PK" failures="0" tests="1" name="com.by.tests.FilterByMaxPriceTest" time="9.354" errors="0" timestamp="18 дек. 2022 22:05:42 GMT" skipped="0">
  <testcase classname="com.by.tests.FilterByMaxPriceTest" name="testFiltrationByMaxPrice" time="9.354"/>
</testsuite> <!-- com.by.tests.FilterByMaxPriceTest -->
