<?xml version="1.0" encoding="UTF-8"?>
<!-- Generated by org.testng.reporters.JUnitReportReporter -->
<testsuite hostname="Nastya-PK" failures="0" tests="1" name="com.by.tests.SortByNameTest" time="7.352" errors="0" timestamp="18 дек. 2022 22:05:42 GMT" skipped="0">
  <testcase classname="com.by.tests.SortByNameTest" name="testSortingProductByName" time="7.352"/>
</testsuite> <!-- com.by.tests.SortByNameTest -->
